<?xml version="1.0" encoding="UTF-8"?>
<testsuite xmlns:xsi="http://www.w3.org/2001/XMLSchema-instance" xsi:noNamespaceSchemaLocation="https://maven.apache.org/surefire/maven-surefire-plugin/xsd/surefire-test-report-3.0.xsd" version="3.0" name="DemoRunner" time="5.334" tests="1" errors="0" skipped="0" failures="0">
  <properties>
    <property name="java.specification.version" value="22"/>
    <property name="sun.jnu.encoding" value="UTF-8"/>
    <property name="java.class.path" value="/Users/yashas/IdeaProjects/test-automation/target/test-classes:/Users/yashas/IdeaProjects/test-automation/target/classes:/Users/yashas/.m2/repository/io/karatelabs/karate-junit5/1.5.0/karate-junit5-1.5.0.jar:/Users/yashas/.m2/repository/io/karatelabs/karate-core/1.5.0/karate-core-1.5.0.jar:/Users/yashas/.m2/repository/org/graalvm/js/js-scriptengine/24.0.0/js-scriptengine-24.0.0.jar:/Users/yashas/.m2/repository/org/graalvm/polyglot/polyglot/24.0.0/polyglot-24.0.0.jar:/Users/yashas/.m2/repository/org/graalvm/sdk/collections/24.0.0/collections-24.0.0.jar:/Users/yashas/.m2/repository/org/graalvm/sdk/nativeimage/24.0.0/nativeimage-24.0.0.jar:/Users/yashas/.m2/repository/org/graalvm/sdk/word/24.0.0/word-24.0.0.jar:/Users/yashas/.m2/repository/org/graalvm/js/js-language/24.0.0/js-language-24.0.0.jar:/Users/yashas/.m2/repository/org/graalvm/regex/regex/24.0.0/regex-24.0.0.jar:/Users/yashas/.m2/repository/org/graalvm/truffle/truffle-api/24.0.0/truffle-api-24.0.0.jar:/Users/yashas/.m2/repository/org/graalvm/shadowed/icu4j/24.0.0/icu4j-24.0.0.jar:/Users/yashas/.m2/repository/org/thymeleaf/thymeleaf/3.1.2.RELEASE/thymeleaf-3.1.2.RELEASE.jar:/Users/yashas/.m2/repository/ognl/ognl/3.3.4/ognl-3.3.4.jar:/Users/yashas/.m2/repository/org/javassist/javassist/3.29.0-GA/javassist-3.29.0-GA.jar:/Users/yashas/.m2/repository/org/attoparser/attoparser/2.0.7.RELEASE/attoparser-2.0.7.RELEASE.jar:/Users/yashas/.m2/repository/org/unbescape/unbescape/1.1.6.RELEASE/unbescape-1.1.6.RELEASE.jar:/Users/yashas/.m2/repository/com/linecorp/armeria/armeria/1.29.2/armeria-1.29.2.jar:/Users/yashas/.m2/repository/com/fasterxml/jackson/datatype/jackson-datatype-jdk8/2.17.1/jackson-datatype-jdk8-2.17.1.jar:/Users/yashas/.m2/repository/io/micrometer/micrometer-core/1.13.0/micrometer-core-1.13.0.jar:/Users/yashas/.m2/repository/io/micrometer/micrometer-commons/1.13.0/micrometer-commons-1.13.0.jar:/Users/yashas/.m2/repository/io/micrometer/micrometer-observation/1.13.0/micrometer-observation-1.13.0.jar:/Users/yashas/.m2/repository/org/hdrhistogram/HdrHistogram/2.2.1/HdrHistogram-2.2.1.jar:/Users/yashas/.m2/repository/org/latencyutils/LatencyUtils/2.0.3/LatencyUtils-2.0.3.jar:/Users/yashas/.m2/repository/io/netty/netty-transport/4.1.110.Final/netty-transport-4.1.110.Final.jar:/Users/yashas/.m2/repository/io/netty/netty-common/4.1.110.Final/netty-common-4.1.110.Final.jar:/Users/yashas/.m2/repository/io/netty/netty-buffer/4.1.110.Final/netty-buffer-4.1.110.Final.jar:/Users/yashas/.m2/repository/io/netty/netty-resolver/4.1.110.Final/netty-resolver-4.1.110.Final.jar:/Users/yashas/.m2/repository/io/netty/netty-codec-haproxy/4.1.110.Final/netty-codec-haproxy-4.1.110.Final.jar:/Users/yashas/.m2/repository/io/netty/netty-codec/4.1.110.Final/netty-codec-4.1.110.Final.jar:/Users/yashas/.m2/repository/io/netty/netty-codec-http2/4.1.110.Final/netty-codec-http2-4.1.110.Final.jar:/Users/yashas/.m2/repository/io/netty/netty-handler/4.1.110.Final/netty-handler-4.1.110.Final.jar:/Users/yashas/.m2/repository/io/netty/netty-codec-http/4.1.110.Final/netty-codec-http-4.1.110.Final.jar:/Users/yashas/.m2/repository/io/netty/netty-resolver-dns/4.1.110.Final/netty-resolver-dns-4.1.110.Final.jar:/Users/yashas/.m2/repository/io/netty/netty-codec-dns/4.1.110.Final/netty-codec-dns-4.1.110.Final.jar:/Users/yashas/.m2/repository/io/netty/netty-transport-native-unix-common/4.1.110.Final/netty-transport-native-unix-common-4.1.110.Final-linux-x86_64.jar:/Users/yashas/.m2/repository/io/netty/netty-transport-native-unix-common/4.1.110.Final/netty-transport-native-unix-common-4.1.110.Final-linux-aarch_64.jar:/Users/yashas/.m2/repository/io/netty/netty-transport-native-unix-common/4.1.110.Final/netty-transport-native-unix-common-4.1.110.Final-osx-x86_64.jar:/Users/yashas/.m2/repository/io/netty/netty-transport-native-unix-common/4.1.110.Final/netty-transport-native-unix-common-4.1.110.Final-osx-aarch_64.jar:/Users/yashas/.m2/repository/org/reactivestreams/reactive-streams/1.0.4/reactive-streams-1.0.4.jar:/Users/yashas/.m2/repository/com/google/code/findbugs/jsr305/3.0.2/jsr305-3.0.2.jar:/Users/yashas/.m2/repository/io/netty/netty-handler-proxy/4.1.110.Final/netty-handler-proxy-4.1.110.Final.jar:/Users/yashas/.m2/repository/io/netty/netty-codec-socks/4.1.110.Final/netty-codec-socks-4.1.110.Final.jar:/Users/yashas/.m2/repository/io/netty/netty-transport-native-epoll/4.1.110.Final/netty-transport-native-epoll-4.1.110.Final-linux-x86_64.jar:/Users/yashas/.m2/repository/io/netty/netty-transport-native-unix-common/4.1.110.Final/netty-transport-native-unix-common-4.1.110.Final.jar:/Users/yashas/.m2/repository/io/netty/netty-transport-classes-epoll/4.1.110.Final/netty-transport-classes-epoll-4.1.110.Final.jar:/Users/yashas/.m2/repository/io/netty/netty-transport-native-epoll/4.1.110.Final/netty-transport-native-epoll-4.1.110.Final-linux-aarch_64.jar:/Users/yashas/.m2/repository/io/netty/netty-transport-native-kqueue/4.1.110.Final/netty-transport-native-kqueue-4.1.110.Final-osx-x86_64.jar:/Users/yashas/.m2/repository/io/netty/netty-transport-classes-kqueue/4.1.110.Final/netty-transport-classes-kqueue-4.1.110.Final.jar:/Users/yashas/.m2/repository/io/netty/netty-resolver-dns-native-macos/4.1.110.Final/netty-resolver-dns-native-macos-4.1.110.Final-osx-x86_64.jar:/Users/yashas/.m2/repository/io/netty/netty-resolver-dns-classes-macos/4.1.110.Final/netty-resolver-dns-classes-macos-4.1.110.Final.jar:/Users/yashas/.m2/repository/io/netty/netty-transport-native-kqueue/4.1.110.Final/netty-transport-native-kqueue-4.1.110.Final-osx-aarch_64.jar:/Users/yashas/.m2/repository/io/netty/netty-resolver-dns-native-macos/4.1.110.Final/netty-resolver-dns-native-macos-4.1.110.Final-osx-aarch_64.jar:/Users/yashas/.m2/repository/io/netty/netty-tcnative-boringssl-static/2.0.65.Final/netty-tcnative-boringssl-static-2.0.65.Final-linux-x86_64.jar:/Users/yashas/.m2/repository/io/netty/netty-tcnative-classes/2.0.65.Final/netty-tcnative-classes-2.0.65.Final.jar:/Users/yashas/.m2/repository/io/netty/netty-tcnative-boringssl-static/2.0.65.Final/netty-tcnative-boringssl-static-2.0.65.Final-linux-aarch_64.jar:/Users/yashas/.m2/repository/io/netty/netty-tcnative-boringssl-static/2.0.65.Final/netty-tcnative-boringssl-static-2.0.65.Final-osx-x86_64.jar:/Users/yashas/.m2/repository/io/netty/netty-tcnative-boringssl-static/2.0.65.Final/netty-tcnative-boringssl-static-2.0.65.Final-osx-aarch_64.jar:/Users/yashas/.m2/repository/io/netty/netty-tcnative-boringssl-static/2.0.65.Final/netty-tcnative-boringssl-static-2.0.65.Final-windows-x86_64.jar:/Users/yashas/.m2/repository/com/aayushatharva/brotli4j/brotli4j/1.16.0/brotli4j-1.16.0.jar:/Users/yashas/.m2/repository/com/aayushatharva/brotli4j/service/1.16.0/service-1.16.0.jar:/Users/yashas/.m2/repository/com/aayushatharva/brotli4j/native-osx-x86_64/1.16.0/native-osx-x86_64-1.16.0.jar:/Users/yashas/.m2/repository/org/apache/httpcomponents/httpclient/4.5.14/httpclient-4.5.14.jar:/Users/yashas/.m2/repository/org/apache/httpcomponents/httpcore/4.4.16/httpcore-4.4.16.jar:/Users/yashas/.m2/repository/commons-codec/commons-codec/1.16.1/commons-codec-1.16.1.jar:/Users/yashas/.m2/repository/ch/qos/logback/logback-classic/1.5.4/logback-classic-1.5.4.jar:/Users/yashas/.m2/repository/ch/qos/logback/logback-core/1.5.4/logback-core-1.5.4.jar:/Users/yashas/.m2/repository/org/antlr/antlr4-runtime/4.13.1/antlr4-runtime-4.13.1.jar:/Users/yashas/.m2/repository/com/jayway/jsonpath/json-path/2.9.0/json-path-2.9.0.jar:/Users/yashas/.m2/repository/net/minidev/json-smart/2.5.1/json-smart-2.5.1.jar:/Users/yashas/.m2/repository/net/minidev/accessors-smart/2.5.1/accessors-smart-2.5.1.jar:/Users/yashas/.m2/repository/org/ow2/asm/asm/9.6/asm-9.6.jar:/Users/yashas/.m2/repository/org/yaml/snakeyaml/2.2/snakeyaml-2.2.jar:/Users/yashas/.m2/repository/de/siegmar/fastcsv/3.1.0/fastcsv-3.1.0.jar:/Users/yashas/.m2/repository/info/picocli/picocli/4.7.5/picocli-4.7.5.jar:/Users/yashas/.m2/repository/io/github/classgraph/classgraph/4.8.170/classgraph-4.8.170.jar:/Users/yashas/.m2/repository/io/github/t12y/resemble/1.1.0/resemble-1.1.0.jar:/Users/yashas/.m2/repository/io/github/t12y/ssim/1.0.0/ssim-1.0.0.jar:/Users/yashas/.m2/repository/org/junit/jupiter/junit-jupiter-api/5.10.2/junit-jupiter-api-5.10.2.jar:/Users/yashas/.m2/repository/org/opentest4j/opentest4j/1.3.0/opentest4j-1.3.0.jar:/Users/yashas/.m2/repository/org/junit/platform/junit-platform-commons/1.10.2/junit-platform-commons-1.10.2.jar:/Users/yashas/.m2/repository/org/apiguardian/apiguardian-api/1.1.2/apiguardian-api-1.1.2.jar:/Users/yashas/.m2/repository/org/junit/jupiter/junit-jupiter-engine/5.10.2/junit-jupiter-engine-5.10.2.jar:/Users/yashas/.m2/repository/org/junit/platform/junit-platform-engine/1.10.2/junit-platform-engine-1.10.2.jar:/Users/yashas/.m2/repository/net/masterthought/cucumber-reporting/5.8.4/cucumber-reporting-5.8.4.jar:/Users/yashas/.m2/repository/com/fasterxml/jackson/core/jackson-databind/2.18.1/jackson-databind-2.18.1.jar:/Users/yashas/.m2/repository/com/fasterxml/jackson/core/jackson-annotations/2.18.1/jackson-annotations-2.18.1.jar:/Users/yashas/.m2/repository/com/fasterxml/jackson/core/jackson-core/2.18.1/jackson-core-2.18.1.jar:/Users/yashas/.m2/repository/com/fasterxml/jackson/datatype/jackson-datatype-jsr310/2.18.1/jackson-datatype-jsr310-2.18.1.jar:/Users/yashas/.m2/repository/org/apache/velocity/velocity-engine-core/2.4.1/velocity-engine-core-2.4.1.jar:/Users/yashas/.m2/repository/joda-time/joda-time/2.13.0/joda-time-2.13.0.jar:/Users/yashas/.m2/repository/org/apache/commons/commons-configuration2/2.11.0/commons-configuration2-2.11.0.jar:/Users/yashas/.m2/repository/org/apache/commons/commons-lang3/3.17.0/commons-lang3-3.17.0.jar:/Users/yashas/.m2/repository/commons-io/commons-io/2.17.0/commons-io-2.17.0.jar:/Users/yashas/.m2/repository/org/apache/commons/commons-text/1.12.0/commons-text-1.12.0.jar:/Users/yashas/.m2/repository/org/jsoup/jsoup/1.18.1/jsoup-1.18.1.jar:/Users/yashas/.m2/repository/com/googlecode/owasp-java-html-sanitizer/owasp-java-html-sanitizer/20240325.1/owasp-java-html-sanitizer-20240325.1.jar:/Users/yashas/.m2/repository/com/googlecode/owasp-java-html-sanitizer/java8-shim/20240325.1/java8-shim-20240325.1.jar:/Users/yashas/.m2/repository/com/googlecode/owasp-java-html-sanitizer/java10-shim/20240325.1/java10-shim-20240325.1.jar:/Users/yashas/.m2/repository/org/slf4j/slf4j-api/2.0.16/slf4j-api-2.0.16.jar:/Users/yashas/.m2/repository/org/slf4j/jcl-over-slf4j/2.0.16/jcl-over-slf4j-2.0.16.jar:"/>
    <property name="java.vm.vendor" value="Oracle Corporation"/>
    <property name="sun.arch.data.model" value="64"/>
    <property name="java.vendor.url" value="https://java.oracle.com/"/>
    <property name="user.timezone" value="Asia/Kolkata"/>
    <property name="os.name" value="Mac OS X"/>
    <property name="java.vm.specification.version" value="22"/>
    <property name="sun.java.launcher" value="SUN_STANDARD"/>
    <property name="user.country" value="IN"/>
    <property name="sun.boot.library.path" value="/Users/yashas/Library/Java/JavaVirtualMachines/openjdk-22.0.2/Contents/Home/lib"/>
    <property name="sun.java.command" value="/Users/yashas/IdeaProjects/test-automation/target/surefire/surefirebooter-20241218123120484_3.jar /Users/yashas/IdeaProjects/test-automation/target/surefire 2024-12-18T12-31-20_346-jvmRun1 surefire-20241218123120484_1tmp surefire_0-20241218123120484_2tmp"/>
    <property name="http.nonProxyHosts" value="local|*.local|169.254/16|*.169.254/16"/>
    <property name="jdk.debug" value="release"/>
    <property name="test" value="DemoRunner#auth_Token"/>
    <property name="surefire.test.class.path" value="/Users/yashas/IdeaProjects/test-automation/target/test-classes:/Users/yashas/IdeaProjects/test-automation/target/classes:/Users/yashas/.m2/repository/io/karatelabs/karate-junit5/1.5.0/karate-junit5-1.5.0.jar:/Users/yashas/.m2/repository/io/karatelabs/karate-core/1.5.0/karate-core-1.5.0.jar:/Users/yashas/.m2/repository/org/graalvm/js/js-scriptengine/24.0.0/js-scriptengine-24.0.0.jar:/Users/yashas/.m2/repository/org/graalvm/polyglot/polyglot/24.0.0/polyglot-24.0.0.jar:/Users/yashas/.m2/repository/org/graalvm/sdk/collections/24.0.0/collections-24.0.0.jar:/Users/yashas/.m2/repository/org/graalvm/sdk/nativeimage/24.0.0/nativeimage-24.0.0.jar:/Users/yashas/.m2/repository/org/graalvm/sdk/word/24.0.0/word-24.0.0.jar:/Users/yashas/.m2/repository/org/graalvm/js/js-language/24.0.0/js-language-24.0.0.jar:/Users/yashas/.m2/repository/org/graalvm/regex/regex/24.0.0/regex-24.0.0.jar:/Users/yashas/.m2/repository/org/graalvm/truffle/truffle-api/24.0.0/truffle-api-24.0.0.jar:/Users/yashas/.m2/repository/org/graalvm/shadowed/icu4j/24.0.0/icu4j-24.0.0.jar:/Users/yashas/.m2/repository/org/thymeleaf/thymeleaf/3.1.2.RELEASE/thymeleaf-3.1.2.RELEASE.jar:/Users/yashas/.m2/repository/ognl/ognl/3.3.4/ognl-3.3.4.jar:/Users/yashas/.m2/repository/org/javassist/javassist/3.29.0-GA/javassist-3.29.0-GA.jar:/Users/yashas/.m2/repository/org/attoparser/attoparser/2.0.7.RELEASE/attoparser-2.0.7.RELEASE.jar:/Users/yashas/.m2/repository/org/unbescape/unbescape/1.1.6.RELEASE/unbescape-1.1.6.RELEASE.jar:/Users/yashas/.m2/repository/com/linecorp/armeria/armeria/1.29.2/armeria-1.29.2.jar:/Users/yashas/.m2/repository/com/fasterxml/jackson/datatype/jackson-datatype-jdk8/2.17.1/jackson-datatype-jdk8-2.17.1.jar:/Users/yashas/.m2/repository/io/micrometer/micrometer-core/1.13.0/micrometer-core-1.13.0.jar:/Users/yashas/.m2/repository/io/micrometer/micrometer-commons/1.13.0/micrometer-commons-1.13.0.jar:/Users/yashas/.m2/repository/io/micrometer/micrometer-observation/1.13.0/micrometer-observation-1.13.0.jar:/Users/yashas/.m2/repository/org/hdrhistogram/HdrHistogram/2.2.1/HdrHistogram-2.2.1.jar:/Users/yashas/.m2/repository/org/latencyutils/LatencyUtils/2.0.3/LatencyUtils-2.0.3.jar:/Users/yashas/.m2/repository/io/netty/netty-transport/4.1.110.Final/netty-transport-4.1.110.Final.jar:/Users/yashas/.m2/repository/io/netty/netty-common/4.1.110.Final/netty-common-4.1.110.Final.jar:/Users/yashas/.m2/repository/io/netty/netty-buffer/4.1.110.Final/netty-buffer-4.1.110.Final.jar:/Users/yashas/.m2/repository/io/netty/netty-resolver/4.1.110.Final/netty-resolver-4.1.110.Final.jar:/Users/yashas/.m2/repository/io/netty/netty-codec-haproxy/4.1.110.Final/netty-codec-haproxy-4.1.110.Final.jar:/Users/yashas/.m2/repository/io/netty/netty-codec/4.1.110.Final/netty-codec-4.1.110.Final.jar:/Users/yashas/.m2/repository/io/netty/netty-codec-http2/4.1.110.Final/netty-codec-http2-4.1.110.Final.jar:/Users/yashas/.m2/repository/io/netty/netty-handler/4.1.110.Final/netty-handler-4.1.110.Final.jar:/Users/yashas/.m2/repository/io/netty/netty-codec-http/4.1.110.Final/netty-codec-http-4.1.110.Final.jar:/Users/yashas/.m2/repository/io/netty/netty-resolver-dns/4.1.110.Final/netty-resolver-dns-4.1.110.Final.jar:/Users/yashas/.m2/repository/io/netty/netty-codec-dns/4.1.110.Final/netty-codec-dns-4.1.110.Final.jar:/Users/yashas/.m2/repository/io/netty/netty-transport-native-unix-common/4.1.110.Final/netty-transport-native-unix-common-4.1.110.Final-linux-x86_64.jar:/Users/yashas/.m2/repository/io/netty/netty-transport-native-unix-common/4.1.110.Final/netty-transport-native-unix-common-4.1.110.Final-linux-aarch_64.jar:/Users/yashas/.m2/repository/io/netty/netty-transport-native-unix-common/4.1.110.Final/netty-transport-native-unix-common-4.1.110.Final-osx-x86_64.jar:/Users/yashas/.m2/repository/io/netty/netty-transport-native-unix-common/4.1.110.Final/netty-transport-native-unix-common-4.1.110.Final-osx-aarch_64.jar:/Users/yashas/.m2/repository/org/reactivestreams/reactive-streams/1.0.4/reactive-streams-1.0.4.jar:/Users/yashas/.m2/repository/com/google/code/findbugs/jsr305/3.0.2/jsr305-3.0.2.jar:/Users/yashas/.m2/repository/io/netty/netty-handler-proxy/4.1.110.Final/netty-handler-proxy-4.1.110.Final.jar:/Users/yashas/.m2/repository/io/netty/netty-codec-socks/4.1.110.Final/netty-codec-socks-4.1.110.Final.jar:/Users/yashas/.m2/repository/io/netty/netty-transport-native-epoll/4.1.110.Final/netty-transport-native-epoll-4.1.110.Final-linux-x86_64.jar:/Users/yashas/.m2/repository/io/netty/netty-transport-native-unix-common/4.1.110.Final/netty-transport-native-unix-common-4.1.110.Final.jar:/Users/yashas/.m2/repository/io/netty/netty-transport-classes-epoll/4.1.110.Final/netty-transport-classes-epoll-4.1.110.Final.jar:/Users/yashas/.m2/repository/io/netty/netty-transport-native-epoll/4.1.110.Final/netty-transport-native-epoll-4.1.110.Final-linux-aarch_64.jar:/Users/yashas/.m2/repository/io/netty/netty-transport-native-kqueue/4.1.110.Final/netty-transport-native-kqueue-4.1.110.Final-osx-x86_64.jar:/Users/yashas/.m2/repository/io/netty/netty-transport-classes-kqueue/4.1.110.Final/netty-transport-classes-kqueue-4.1.110.Final.jar:/Users/yashas/.m2/repository/io/netty/netty-resolver-dns-native-macos/4.1.110.Final/netty-resolver-dns-native-macos-4.1.110.Final-osx-x86_64.jar:/Users/yashas/.m2/repository/io/netty/netty-resolver-dns-classes-macos/4.1.110.Final/netty-resolver-dns-classes-macos-4.1.110.Final.jar:/Users/yashas/.m2/repository/io/netty/netty-transport-native-kqueue/4.1.110.Final/netty-transport-native-kqueue-4.1.110.Final-osx-aarch_64.jar:/Users/yashas/.m2/repository/io/netty/netty-resolver-dns-native-macos/4.1.110.Final/netty-resolver-dns-native-macos-4.1.110.Final-osx-aarch_64.jar:/Users/yashas/.m2/repository/io/netty/netty-tcnative-boringssl-static/2.0.65.Final/netty-tcnative-boringssl-static-2.0.65.Final-linux-x86_64.jar:/Users/yashas/.m2/repository/io/netty/netty-tcnative-classes/2.0.65.Final/netty-tcnative-classes-2.0.65.Final.jar:/Users/yashas/.m2/repository/io/netty/netty-tcnative-boringssl-static/2.0.65.Final/netty-tcnative-boringssl-static-2.0.65.Final-linux-aarch_64.jar:/Users/yashas/.m2/repository/io/netty/netty-tcnative-boringssl-static/2.0.65.Final/netty-tcnative-boringssl-static-2.0.65.Final-osx-x86_64.jar:/Users/yashas/.m2/repository/io/netty/netty-tcnative-boringssl-static/2.0.65.Final/netty-tcnative-boringssl-static-2.0.65.Final-osx-aarch_64.jar:/Users/yashas/.m2/repository/io/netty/netty-tcnative-boringssl-static/2.0.65.Final/netty-tcnative-boringssl-static-2.0.65.Final-windows-x86_64.jar:/Users/yashas/.m2/repository/com/aayushatharva/brotli4j/brotli4j/1.16.0/brotli4j-1.16.0.jar:/Users/yashas/.m2/repository/com/aayushatharva/brotli4j/service/1.16.0/service-1.16.0.jar:/Users/yashas/.m2/repository/com/aayushatharva/brotli4j/native-osx-x86_64/1.16.0/native-osx-x86_64-1.16.0.jar:/Users/yashas/.m2/repository/org/apache/httpcomponents/httpclient/4.5.14/httpclient-4.5.14.jar:/Users/yashas/.m2/repository/org/apache/httpcomponents/httpcore/4.4.16/httpcore-4.4.16.jar:/Users/yashas/.m2/repository/commons-codec/commons-codec/1.16.1/commons-codec-1.16.1.jar:/Users/yashas/.m2/repository/ch/qos/logback/logback-classic/1.5.4/logback-classic-1.5.4.jar:/Users/yashas/.m2/repository/ch/qos/logback/logback-core/1.5.4/logback-core-1.5.4.jar:/Users/yashas/.m2/repository/org/antlr/antlr4-runtime/4.13.1/antlr4-runtime-4.13.1.jar:/Users/yashas/.m2/repository/com/jayway/jsonpath/json-path/2.9.0/json-path-2.9.0.jar:/Users/yashas/.m2/repository/net/minidev/json-smart/2.5.1/json-smart-2.5.1.jar:/Users/yashas/.m2/repository/net/minidev/accessors-smart/2.5.1/accessors-smart-2.5.1.jar:/Users/yashas/.m2/repository/org/ow2/asm/asm/9.6/asm-9.6.jar:/Users/yashas/.m2/repository/org/yaml/snakeyaml/2.2/snakeyaml-2.2.jar:/Users/yashas/.m2/repository/de/siegmar/fastcsv/3.1.0/fastcsv-3.1.0.jar:/Users/yashas/.m2/repository/info/picocli/picocli/4.7.5/picocli-4.7.5.jar:/Users/yashas/.m2/repository/io/github/classgraph/classgraph/4.8.170/classgraph-4.8.170.jar:/Users/yashas/.m2/repository/io/github/t12y/resemble/1.1.0/resemble-1.1.0.jar:/Users/yashas/.m2/repository/io/github/t12y/ssim/1.0.0/ssim-1.0.0.jar:/Users/yashas/.m2/repository/org/junit/jupiter/junit-jupiter-api/5.10.2/junit-jupiter-api-5.10.2.jar:/Users/yashas/.m2/repository/org/opentest4j/opentest4j/1.3.0/opentest4j-1.3.0.jar:/Users/yashas/.m2/repository/org/junit/platform/junit-platform-commons/1.10.2/junit-platform-commons-1.10.2.jar:/Users/yashas/.m2/repository/org/apiguardian/apiguardian-api/1.1.2/apiguardian-api-1.1.2.jar:/Users/yashas/.m2/repository/org/junit/jupiter/junit-jupiter-engine/5.10.2/junit-jupiter-engine-5.10.2.jar:/Users/yashas/.m2/repository/org/junit/platform/junit-platform-engine/1.10.2/junit-platform-engine-1.10.2.jar:/Users/yashas/.m2/repository/net/masterthought/cucumber-reporting/5.8.4/cucumber-reporting-5.8.4.jar:/Users/yashas/.m2/repository/com/fasterxml/jackson/core/jackson-databind/2.18.1/jackson-databind-2.18.1.jar:/Users/yashas/.m2/repository/com/fasterxml/jackson/core/jackson-annotations/2.18.1/jackson-annotations-2.18.1.jar:/Users/yashas/.m2/repository/com/fasterxml/jackson/core/jackson-core/2.18.1/jackson-core-2.18.1.jar:/Users/yashas/.m2/repository/com/fasterxml/jackson/datatype/jackson-datatype-jsr310/2.18.1/jackson-datatype-jsr310-2.18.1.jar:/Users/yashas/.m2/repository/org/apache/velocity/velocity-engine-core/2.4.1/velocity-engine-core-2.4.1.jar:/Users/yashas/.m2/repository/joda-time/joda-time/2.13.0/joda-time-2.13.0.jar:/Users/yashas/.m2/repository/org/apache/commons/commons-configuration2/2.11.0/commons-configuration2-2.11.0.jar:/Users/yashas/.m2/repository/org/apache/commons/commons-lang3/3.17.0/commons-lang3-3.17.0.jar:/Users/yashas/.m2/repository/commons-io/commons-io/2.17.0/commons-io-2.17.0.jar:/Users/yashas/.m2/repository/org/apache/commons/commons-text/1.12.0/commons-text-1.12.0.jar:/Users/yashas/.m2/repository/org/jsoup/jsoup/1.18.1/jsoup-1.18.1.jar:/Users/yashas/.m2/repository/com/googlecode/owasp-java-html-sanitizer/owasp-java-html-sanitizer/20240325.1/owasp-java-html-sanitizer-20240325.1.jar:/Users/yashas/.m2/repository/com/googlecode/owasp-java-html-sanitizer/java8-shim/20240325.1/java8-shim-20240325.1.jar:/Users/yashas/.m2/repository/com/googlecode/owasp-java-html-sanitizer/java10-shim/20240325.1/java10-shim-20240325.1.jar:/Users/yashas/.m2/repository/org/slf4j/slf4j-api/2.0.16/slf4j-api-2.0.16.jar:/Users/yashas/.m2/repository/org/slf4j/jcl-over-slf4j/2.0.16/jcl-over-slf4j-2.0.16.jar:"/>
    <property name="sun.cpu.endian" value="little"/>
    <property name="user.home" value="/Users/yashas"/>
    <property name="user.language" value="en"/>
    <property name="java.specification.vendor" value="Oracle Corporation"/>
    <property name="java.version.date" value="2024-07-16"/>
    <property name="java.home" value="/Users/yashas/Library/Java/JavaVirtualMachines/openjdk-22.0.2/Contents/Home"/>
    <property name="file.separator" value="/"/>
    <property name="basedir" value="/Users/yashas/IdeaProjects/test-automation"/>
    <property name="java.vm.compressedOopsMode" value="Zero based"/>
    <property name="line.separator" value="&#10;"/>
    <property name="java.vm.specification.vendor" value="Oracle Corporation"/>
    <property name="java.specification.name" value="Java Platform API Specification"/>
    <property name="apple.awt.application.name" value="ForkedBooter"/>
    <property name="surefire.real.class.path" value="/Users/yashas/IdeaProjects/test-automation/target/surefire/surefirebooter-20241218123120484_3.jar"/>
    <property name="sun.management.compiler" value="HotSpot 64-Bit Tiered Compilers"/>
    <property name="ftp.nonProxyHosts" value="local|*.local|169.254/16|*.169.254/16"/>
    <property name="java.runtime.version" value="22.0.2+9-70"/>
    <property name="user.name" value="yashas"/>
    <property name="stdout.encoding" value="UTF-8"/>
    <property name="path.separator" value=":"/>
    <property name="os.version" value="15.0"/>
    <property name="java.runtime.name" value="OpenJDK Runtime Environment"/>
    <property name="file.encoding" value="UTF-8"/>
    <property name="java.vm.name" value="OpenJDK 64-Bit Server VM"/>
    <property name="localRepository" value="/Users/yashas/.m2/repository"/>
    <property name="java.vendor.url.bug" value="https://bugreport.java.com/bugreport/"/>
    <property name="java.io.tmpdir" value="/var/folders/8_/kc9g8jjn0yd4n4j34sqf259m0000gn/T/"/>
    <property name="java.version" value="22.0.2"/>
    <property name="user.dir" value="/Users/yashas/IdeaProjects/test-automation"/>
    <property name="os.arch" value="x86_64"/>
    <property name="java.vm.specification.name" value="Java Virtual Machine Specification"/>
    <property name="native.encoding" value="UTF-8"/>
    <property name="java.library.path" value="/Users/yashas/Library/Java/Extensions:/Library/Java/Extensions:/Network/Library/Java/Extensions:/System/Library/Java/Extensions:/usr/lib/java:."/>
    <property name="java.vm.info" value="mixed mode, sharing"/>
    <property name="stderr.encoding" value="UTF-8"/>
    <property name="java.vendor" value="Oracle Corporation"/>
    <property name="java.vm.version" value="22.0.2+9-70"/>
    <property name="sun.io.unicode.encoding" value="UnicodeBig"/>
    <property name="socksNonProxyHosts" value="local|*.local|169.254/16|*.169.254/16"/>
    <property name="java.class.version" value="66.0"/>
  </properties>
  <testcase name="auth_Token" classname="DemoRunner" time="5.302">
    <system-out><![CDATA[12:31:22.781 [main] DEBUG com.intuit.karate.Suite - [config] classpath:karate-config.js
12:31:22.789 [main] INFO  com.intuit.karate.Suite - backed up existing 'target/karate-reports' dir to: target/karate-reports_1734505282787
12:31:24.535 [pool-2-thread-1] INFO  com.intuit.karate - karate.env system property was: null 
12:31:25.126 [pool-2-thread-1] DEBUG com.intuit.karate - request:
1 > POST https://test-auth.monnai.com/oauth2/token
1 > Content-Type: application/x-www-form-urlencoded
1 > Content-Length: 971
1 > Host: test-auth.monnai.com
1 > Connection: Keep-Alive
1 > User-Agent: Apache-HttpClient/4.5.14 (Java/22.0.2)
1 > Accept-Encoding: gzip,deflate
client_id=29j416oo22mc4gulkre57mj6s7&client_secret=1j59i5vusos825eolc39rb1ujq8nfdbhgcoj3r21g8ltf4mul9jd&grant_type=client_credentials&scope=insights%2Faadhaar_basic+insights%2Faadhaar_details+insights%2Fbusiness_registration+insights%2Faddress_verification+insights%2Faddress_basic+insights%2Fblacklist_details+insights%2Fdevice_details+insights%2Femail_basic+insights%2Femail_social+insights%2Femployment_basic+insights%2Femployment_advanced+insights%2Femployment_details+insights%2Fidentity_correlation+insights%2Fidentity_enrichment+insights%2Fidentity_enrichment_plus+insights%2Fincome_estimation+insights%2Fip_basic+insights%2Fphone_basic+insights%2Fphone_identity+insights%2Fphone_social+insights%2Fupi_advanced+insights%2Fupi_basic+insights%2Faddress_verification+insights%2Fkyc_pan+insights%2Fkyc_gstin+verification%2Fkyc_consumer+verification%2Fkyc_government+verification%2Fkyc_mobile+verification%2Fkyc_aml+insights%2Fdomain_breach+insights%2Femployment_social

12:31:25.752 [pool-2-thread-1] DEBUG com.intuit.karate - response time in milliseconds: 617
1 < 200
1 < Content-Type: application/json;charset=UTF-8
1 < Transfer-Encoding: chunked
1 < Connection: keep-alive
1 < Date: Wed, 18 Dec 2024 07:01:25 GMT
1 < X-Frame-Options: DENY
1 < Server: Server
1 < Set-Cookie: XSRF-TOKEN=9f8f0442-49ee-486d-b53f-7dc0b9e7cf59; Path=/; Secure; HttpOnly; SameSite=Lax
1 < x-amz-cognito-request-id: d4722287-2d1a-4268-b65a-b2a90161caa8
1 < X-Content-Type-Options: nosniff
1 < X-XSS-Protection: 1; mode=block
1 < Cache-Control: no-cache, no-store, max-age=0, must-revalidate
1 < Pragma: no-cache
1 < Expires: 0
1 < Strict-Transport-Security: max-age=31536000 ; includeSubDomains
1 < X-Cache: Miss from cloudfront
1 < Via: 1.1 265b8ee5e2c8d8e734bd5850d5be64a6.cloudfront.net (CloudFront)
1 < X-Amz-Cf-Pop: MAA50-C2
1 < X-Amz-Cf-Id: ftodTr_wAad-Kc2G-gCmYfe-9AJe77OcJoMtyUeWKGOBkplUeAGDgQ==
{"access_token":"eyJraWQiOiJRZzhHYTFpM2tYT1ExUGZvZW9PWldcL2F1eFVxa1pIb1wvUG5FbFFhM3JGbjQ9IiwiYWxnIjoiUlMyNTYifQ.eyJzdWIiOiIyOWo0MTZvbzIybWM0Z3Vsa3JlNTdtajZzNyIsInRva2VuX3VzZSI6ImFjY2VzcyIsInNjb3BlIjoiaW5zaWdodHNcL2JsYWNrbGlzdF9kZXRhaWxzIGluc2lnaHRzXC91cGlfYWR2YW5jZWQgaW5zaWdodHNcL2FkZHJlc3NfdmVyaWZpY2F0aW9uIGluc2lnaHRzXC9waG9uZV9iYXNpYyBpbnNpZ2h0c1wvdXBpX2Jhc2ljIGluc2lnaHRzXC9lbWFpbF9zb2NpYWwgdmVyaWZpY2F0aW9uXC9reWNfbW9iaWxlIGluc2lnaHRzXC9lbXBsb3ltZW50X2FkdmFuY2VkIGluc2lnaHRzXC9lbXBsb3ltZW50X2Jhc2ljIGluc2lnaHRzXC9pZGVudGl0eV9jb3JyZWxhdGlvbiBpbnNpZ2h0c1wvaW5jb21lX2VzdGltYXRpb24gaW5zaWdodHNcL2J1c2luZXNzX3JlZ2lzdHJhdGlvbiBpbnNpZ2h0c1wvYWFkaGFhcl9kZXRhaWxzIGluc2lnaHRzXC9reWNfcGFuIHZlcmlmaWNhdGlvblwva3ljX2NvbnN1bWVyIGluc2lnaHRzXC9kZXZpY2VfZGV0YWlscyBpbnNpZ2h0c1wvZW1wbG95bWVudF9kZXRhaWxzIGluc2lnaHRzXC9waG9uZV9zb2NpYWwgaW5zaWdodHNcL2RvbWFpbl9icmVhY2ggaW5zaWdodHNcL2VtYWlsX2Jhc2ljIGluc2lnaHRzXC9pZGVudGl0eV9lbnJpY2htZW50X3BsdXMgaW5zaWdodHNcL2VtcGxveW1lbnRfc29jaWFsIGluc2lnaHRzXC9waG9uZV9pZGVudGl0eSB2ZXJpZmljYXRpb25cL2t5Y19hbWwgaW5zaWdodHNcL2lwX2Jhc2ljIGluc2lnaHRzXC9pZGVudGl0eV9lbnJpY2htZW50IGluc2lnaHRzXC9hZGRyZXNzX2Jhc2ljIHZlcmlmaWNhdGlvblwva3ljX2dvdmVybm1lbnQgaW5zaWdodHNcL2FhZGhhYXJfYmFzaWMiLCJhdXRoX3RpbWUiOjE3MzQ1MDUyODUsImlzcyI6Imh0dHBzOlwvXC9jb2duaXRvLWlkcC5hcC1zb3V0aGVhc3QtMS5hbWF6b25hd3MuY29tXC9hcC1zb3V0aGVhc3QtMV9TUDhXOG5uc1AiLCJleHAiOjE3MzQ1OTE2ODUsImlhdCI6MTczNDUwNTI4NSwidmVyc2lvbiI6MiwianRpIjoiYTNlZTc3NTgtYjdlMi00NzVkLTg3YWQtZWE2Nzc1ZmM5NTMyIiwiY2xpZW50X2lkIjoiMjlqNDE2b28yMm1jNGd1bGtyZTU3bWo2czcifQ.sSs3pw_CrjchlMBsoXAX6ZTaWnK-OKpS19O5-OBPNa9y0-fWgp_la5Km1UWEiWRlkfYyWDpd1fFx7lTDg27E_INTfyCYE76vWLmwKZEP1cAk7-ouPG0813iWdZ-AQ2XobObRJV9Jocz34v5sY124RJFjZ4EzJNp2v_ZjgjDtbgvvNoT8p5L6stTYrRWvyh2VCxzhx-NibS_BzYqCIGgP6wN7-5TNNsCGWi39l01qoLPecOWMwRTfL1GKjiRXE7ccU37sqxemEmEo9JvaTUm_vzYQ_7ZhllmE7jwq74lD08aNJkeOyuzbiXznVeSdYW5ZYs8JNsfSppJIdpJGhiUkrQ","expires_in":86400,"token_type":"Bearer"}

12:31:25.798 [pool-2-thread-1] INFO  com.intuit.karate - [print] {
  "access_token": "eyJraWQiOiJRZzhHYTFpM2tYT1ExUGZvZW9PWldcL2F1eFVxa1pIb1wvUG5FbFFhM3JGbjQ9IiwiYWxnIjoiUlMyNTYifQ.eyJzdWIiOiIyOWo0MTZvbzIybWM0Z3Vsa3JlNTdtajZzNyIsInRva2VuX3VzZSI6ImFjY2VzcyIsInNjb3BlIjoiaW5zaWdodHNcL2JsYWNrbGlzdF9kZXRhaWxzIGluc2lnaHRzXC91cGlfYWR2YW5jZWQgaW5zaWdodHNcL2FkZHJlc3NfdmVyaWZpY2F0aW9uIGluc2lnaHRzXC9waG9uZV9iYXNpYyBpbnNpZ2h0c1wvdXBpX2Jhc2ljIGluc2lnaHRzXC9lbWFpbF9zb2NpYWwgdmVyaWZpY2F0aW9uXC9reWNfbW9iaWxlIGluc2lnaHRzXC9lbXBsb3ltZW50X2FkdmFuY2VkIGluc2lnaHRzXC9lbXBsb3ltZW50X2Jhc2ljIGluc2lnaHRzXC9pZGVudGl0eV9jb3JyZWxhdGlvbiBpbnNpZ2h0c1wvaW5jb21lX2VzdGltYXRpb24gaW5zaWdodHNcL2J1c2luZXNzX3JlZ2lzdHJhdGlvbiBpbnNpZ2h0c1wvYWFkaGFhcl9kZXRhaWxzIGluc2lnaHRzXC9reWNfcGFuIHZlcmlmaWNhdGlvblwva3ljX2NvbnN1bWVyIGluc2lnaHRzXC9kZXZpY2VfZGV0YWlscyBpbnNpZ2h0c1wvZW1wbG95bWVudF9kZXRhaWxzIGluc2lnaHRzXC9waG9uZV9zb2NpYWwgaW5zaWdodHNcL2RvbWFpbl9icmVhY2ggaW5zaWdodHNcL2VtYWlsX2Jhc2ljIGluc2lnaHRzXC9pZGVudGl0eV9lbnJpY2htZW50X3BsdXMgaW5zaWdodHNcL2VtcGxveW1lbnRfc29jaWFsIGluc2lnaHRzXC9waG9uZV9pZGVudGl0eSB2ZXJpZmljYXRpb25cL2t5Y19hbWwgaW5zaWdodHNcL2lwX2Jhc2ljIGluc2lnaHRzXC9pZGVudGl0eV9lbnJpY2htZW50IGluc2lnaHRzXC9hZGRyZXNzX2Jhc2ljIHZlcmlmaWNhdGlvblwva3ljX2dvdmVybm1lbnQgaW5zaWdodHNcL2FhZGhhYXJfYmFzaWMiLCJhdXRoX3RpbWUiOjE3MzQ1MDUyODUsImlzcyI6Imh0dHBzOlwvXC9jb2duaXRvLWlkcC5hcC1zb3V0aGVhc3QtMS5hbWF6b25hd3MuY29tXC9hcC1zb3V0aGVhc3QtMV9TUDhXOG5uc1AiLCJleHAiOjE3MzQ1OTE2ODUsImlhdCI6MTczNDUwNTI4NSwidmVyc2lvbiI6MiwianRpIjoiYTNlZTc3NTgtYjdlMi00NzVkLTg3YWQtZWE2Nzc1ZmM5NTMyIiwiY2xpZW50X2lkIjoiMjlqNDE2b28yMm1jNGd1bGtyZTU3bWo2czcifQ.sSs3pw_CrjchlMBsoXAX6ZTaWnK-OKpS19O5-OBPNa9y0-fWgp_la5Km1UWEiWRlkfYyWDpd1fFx7lTDg27E_INTfyCYE76vWLmwKZEP1cAk7-ouPG0813iWdZ-AQ2XobObRJV9Jocz34v5sY124RJFjZ4EzJNp2v_ZjgjDtbgvvNoT8p5L6stTYrRWvyh2VCxzhx-NibS_BzYqCIGgP6wN7-5TNNsCGWi39l01qoLPecOWMwRTfL1GKjiRXE7ccU37sqxemEmEo9JvaTUm_vzYQ_7ZhllmE7jwq74lD08aNJkeOyuzbiXznVeSdYW5ZYs8JNsfSppJIdpJGhiUkrQ",
  "expires_in": 86400,
  "token_type": "Bearer"
}
 
12:31:25.801 [pool-2-thread-1] INFO  com.intuit.karate - [print] eyJraWQiOiJRZzhHYTFpM2tYT1ExUGZvZW9PWldcL2F1eFVxa1pIb1wvUG5FbFFhM3JGbjQ9IiwiYWxnIjoiUlMyNTYifQ.eyJzdWIiOiIyOWo0MTZvbzIybWM0Z3Vsa3JlNTdtajZzNyIsInRva2VuX3VzZSI6ImFjY2VzcyIsInNjb3BlIjoiaW5zaWdodHNcL2JsYWNrbGlzdF9kZXRhaWxzIGluc2lnaHRzXC91cGlfYWR2YW5jZWQgaW5zaWdodHNcL2FkZHJlc3NfdmVyaWZpY2F0aW9uIGluc2lnaHRzXC9waG9uZV9iYXNpYyBpbnNpZ2h0c1wvdXBpX2Jhc2ljIGluc2lnaHRzXC9lbWFpbF9zb2NpYWwgdmVyaWZpY2F0aW9uXC9reWNfbW9iaWxlIGluc2lnaHRzXC9lbXBsb3ltZW50X2FkdmFuY2VkIGluc2lnaHRzXC9lbXBsb3ltZW50X2Jhc2ljIGluc2lnaHRzXC9pZGVudGl0eV9jb3JyZWxhdGlvbiBpbnNpZ2h0c1wvaW5jb21lX2VzdGltYXRpb24gaW5zaWdodHNcL2J1c2luZXNzX3JlZ2lzdHJhdGlvbiBpbnNpZ2h0c1wvYWFkaGFhcl9kZXRhaWxzIGluc2lnaHRzXC9reWNfcGFuIHZlcmlmaWNhdGlvblwva3ljX2NvbnN1bWVyIGluc2lnaHRzXC9kZXZpY2VfZGV0YWlscyBpbnNpZ2h0c1wvZW1wbG95bWVudF9kZXRhaWxzIGluc2lnaHRzXC9waG9uZV9zb2NpYWwgaW5zaWdodHNcL2RvbWFpbl9icmVhY2ggaW5zaWdodHNcL2VtYWlsX2Jhc2ljIGluc2lnaHRzXC9pZGVudGl0eV9lbnJpY2htZW50X3BsdXMgaW5zaWdodHNcL2VtcGxveW1lbnRfc29jaWFsIGluc2lnaHRzXC9waG9uZV9pZGVudGl0eSB2ZXJpZmljYXRpb25cL2t5Y19hbWwgaW5zaWdodHNcL2lwX2Jhc2ljIGluc2lnaHRzXC9pZGVudGl0eV9lbnJpY2htZW50IGluc2lnaHRzXC9hZGRyZXNzX2Jhc2ljIHZlcmlmaWNhdGlvblwva3ljX2dvdmVybm1lbnQgaW5zaWdodHNcL2FhZGhhYXJfYmFzaWMiLCJhdXRoX3RpbWUiOjE3MzQ1MDUyODUsImlzcyI6Imh0dHBzOlwvXC9jb2duaXRvLWlkcC5hcC1zb3V0aGVhc3QtMS5hbWF6b25hd3MuY29tXC9hcC1zb3V0aGVhc3QtMV9TUDhXOG5uc1AiLCJleHAiOjE3MzQ1OTE2ODUsImlhdCI6MTczNDUwNTI4NSwidmVyc2lvbiI6MiwianRpIjoiYTNlZTc3NTgtYjdlMi00NzVkLTg3YWQtZWE2Nzc1ZmM5NTMyIiwiY2xpZW50X2lkIjoiMjlqNDE2b28yMm1jNGd1bGtyZTU3bWo2czcifQ.sSs3pw_CrjchlMBsoXAX6ZTaWnK-OKpS19O5-OBPNa9y0-fWgp_la5Km1UWEiWRlkfYyWDpd1fFx7lTDg27E_INTfyCYE76vWLmwKZEP1cAk7-ouPG0813iWdZ-AQ2XobObRJV9Jocz34v5sY124RJFjZ4EzJNp2v_ZjgjDtbgvvNoT8p5L6stTYrRWvyh2VCxzhx-NibS_BzYqCIGgP6wN7-5TNNsCGWi39l01qoLPecOWMwRTfL1GKjiRXE7ccU37sqxemEmEo9JvaTUm_vzYQ_7ZhllmE7jwq74lD08aNJkeOyuzbiXznVeSdYW5ZYs8JNsfSppJIdpJGhiUkrQ 
12:31:25.804 [pool-2-thread-1] INFO  com.intuit.karate - [print] {
  "app_client_name": "Automation Tenant - Test env - test-fidoV2(test-a) - test_tenant001@tenant_01HD10QR1XT0HVQ8QPGZ37Z8YS",
  "client_id": "29j416oo22mc4gulkre57mj6s7",
  "client_secret": "1j59i5vusos825eolc39rb1ujq8nfdbhgcoj3r21g8ltf4mul9jd",
  "grant_type": "client_credentials",
  "scope": "insights/aadhaar_basic insights/aadhaar_details insights/business_registration insights/address_verification insights/address_basic insights/blacklist_details insights/device_details insights/email_basic insights/email_social insights/employment_basic insights/employment_advanced insights/employment_details insights/identity_correlation insights/identity_enrichment insights/identity_enrichment_plus insights/income_estimation insights/ip_basic insights/phone_basic insights/phone_identity insights/phone_social insights/upi_advanced insights/upi_basic insights/address_verification insights/kyc_pan insights/kyc_gstin verification/kyc_consumer verification/kyc_government verification/kyc_mobile verification/kyc_aml insights/domain_breach insights/employment_social",
  "issue": "non",
  "tenant_config": {
    "tenant": "tenant_01HD10QR1XT0HVQ8QPGZ37Z8YS",
    "exclude": {
      "EMAIL_BASIC": {
        "01HP1HECME5P4JQD91CPAW2Y60": {
          "name": "BRE_Featurization_EmailBasicAnalysis"
        },
        "01HQ56STADP5RN4YKR6K9RMKM2": {
          "name": "WhoIsXML"
        },
        "01HPVAGR327YWCGH4DAPHRNA18": {
          "name": "Have I Been Pawned"
        },
        "01GVK5Y8D3G5B7R5QKQC0Q75X6": {
          "name": "Seon Email"
        },
        "01HPVAZ4H2055V28EZ6P4B4DE6": {
          "name": "Zero Bounce Email Validation"
        },
        "01H6XFS4G3JFMTG43WS0F6FB85": {
          "name": "SEON email_basic"
        }
      },
      "EMAIL_SOCIAL": {
        "01H6S1E1Y35A6R65086W7T5Z97": {
          "name": "FIDO email_social"
        },
        "01H8C58BBSVB67MHSPPN1D8XYR": {
          "name": "Seon Email Social"
        }
      },
      "PHONE_SOCIAL": {
        "01H6BBPQ3TVTVSTDH4TKRX3VGY": {
          "name": "FIDO Phone"
        },
        "01HYZ037G2AKV26HFP7WYKGY0D": {
          "name": "Inhouse Phone social"
        },
        "01GVK2BBQCZVCB8A88Q1MW2MTR": {
          "name": "Seon Phone"
        }
      }
    },
    "include": {
      "EMAIL_BASIC": {
        "01H785HGK5PSKMST8QZSEDCAQY": {
          "name": "FIDO email_basic",
          "order": 0
        }
      },
      "EMAIL_SOCIAL": {
        "01H72X88KKK3R5013F54H5P09T": {
          "name": "FIDO email_social_v2",
          "order": 0
        }
      },
      "PHONE_SOCIAL": {
        "01H72XCMJ3A08W8MREYD8T1EBS": {
          "name": "FIDO phone_social_v2",
          "order": 0
        }
      },
      "ADDRESS_VERIFICATION": {
        "01J3JFHRPD08X95AGXNX0YX9P9": {
          "name": "tartan_address_activity_api",
          "order": 0
        },
        "01J3JDV2T86QWE190A86SRZN0E": {
          "name": "tartan_ecommerce_association_api",
          "order": 0
        },
        "01HN02SR3AJHY16GCR9HZRHKBN": {
          "name": "prime_analytica_ioh",
          "order": 0
        },
        "01J5TA6M5BH7QMD4WC8KHW9C1C": {
          "name": "prime_analytics_one_api",
          "order": 0,
          "data": {
            "clientId": "Tester-Client-ID",
            "partnerId": "Tester-Partner-ID",
            "productId": "Tester-Product-AV",
            "clientKey": "prime-sandbox",
            "clientSecret": "erhVxVLIwjEwvjFm9OHH"
          }
        }
      }
    }
  }
}
 
12:31:25.807 [pool-2-thread-1] INFO  com.intuit.karate - [print] Environment AuthGen---> test-fidoV2 
12:31:25.810 [pool-2-thread-1] INFO  com.intuit.karate - [print] {
  "tenant": "tenant_01HD10QR1XT0HVQ8QPGZ37Z8YS",
  "exclude": {
    "EMAIL_BASIC": {
      "01HP1HECME5P4JQD91CPAW2Y60": {
        "name": "BRE_Featurization_EmailBasicAnalysis"
      },
      "01HQ56STADP5RN4YKR6K9RMKM2": {
        "name": "WhoIsXML"
      },
      "01HPVAGR327YWCGH4DAPHRNA18": {
        "name": "Have I Been Pawned"
      },
      "01GVK5Y8D3G5B7R5QKQC0Q75X6": {
        "name": "Seon Email"
      },
      "01HPVAZ4H2055V28EZ6P4B4DE6": {
        "name": "Zero Bounce Email Validation"
      },
      "01H6XFS4G3JFMTG43WS0F6FB85": {
        "name": "SEON email_basic"
      }
    },
    "EMAIL_SOCIAL": {
      "01H6S1E1Y35A6R65086W7T5Z97": {
        "name": "FIDO email_social"
      },
      "01H8C58BBSVB67MHSPPN1D8XYR": {
        "name": "Seon Email Social"
      }
    },
    "PHONE_SOCIAL": {
      "01H6BBPQ3TVTVSTDH4TKRX3VGY": {
        "name": "FIDO Phone"
      },
      "01HYZ037G2AKV26HFP7WYKGY0D": {
        "name": "Inhouse Phone social"
      },
      "01GVK2BBQCZVCB8A88Q1MW2MTR": {
        "name": "Seon Phone"
      }
    }
  },
  "include": {
    "EMAIL_BASIC": {
      "01H785HGK5PSKMST8QZSEDCAQY": {
        "name": "FIDO email_basic",
        "order": 0
      }
    },
    "EMAIL_SOCIAL": {
      "01H72X88KKK3R5013F54H5P09T": {
        "name": "FIDO email_social_v2",
        "order": 0
      }
    },
    "PHONE_SOCIAL": {
      "01H72XCMJ3A08W8MREYD8T1EBS": {
        "name": "FIDO phone_social_v2",
        "order": 0
      }
    },
    "ADDRESS_VERIFICATION": {
      "01J3JFHRPD08X95AGXNX0YX9P9": {
        "name": "tartan_address_activity_api",
        "order": 0
      },
      "01J3JDV2T86QWE190A86SRZN0E": {
        "name": "tartan_ecommerce_association_api",
        "order": 0
      },
      "01HN02SR3AJHY16GCR9HZRHKBN": {
        "name": "prime_analytica_ioh",
        "order": 0
      },
      "01J5TA6M5BH7QMD4WC8KHW9C1C": {
        "name": "prime_analytics_one_api",
        "order": 0,
        "data": {
          "clientId": "Tester-Client-ID",
          "partnerId": "Tester-Partner-ID",
          "productId": "Tester-Product-AV",
          "clientKey": "prime-sandbox",
          "clientSecret": "erhVxVLIwjEwvjFm9OHH"
        }
      }
    }
  }
}
 
12:31:25.814 [pool-2-thread-1] INFO  com.intuit.karate - [print] Bearer Token ---> Bearer eyJraWQiOiJRZzhHYTFpM2tYT1ExUGZvZW9PWldcL2F1eFVxa1pIb1wvUG5FbFFhM3JGbjQ9IiwiYWxnIjoiUlMyNTYifQ.eyJzdWIiOiIyOWo0MTZvbzIybWM0Z3Vsa3JlNTdtajZzNyIsInRva2VuX3VzZSI6ImFjY2VzcyIsInNjb3BlIjoiaW5zaWdodHNcL2JsYWNrbGlzdF9kZXRhaWxzIGluc2lnaHRzXC91cGlfYWR2YW5jZWQgaW5zaWdodHNcL2FkZHJlc3NfdmVyaWZpY2F0aW9uIGluc2lnaHRzXC9waG9uZV9iYXNpYyBpbnNpZ2h0c1wvdXBpX2Jhc2ljIGluc2lnaHRzXC9lbWFpbF9zb2NpYWwgdmVyaWZpY2F0aW9uXC9reWNfbW9iaWxlIGluc2lnaHRzXC9lbXBsb3ltZW50X2FkdmFuY2VkIGluc2lnaHRzXC9lbXBsb3ltZW50X2Jhc2ljIGluc2lnaHRzXC9pZGVudGl0eV9jb3JyZWxhdGlvbiBpbnNpZ2h0c1wvaW5jb21lX2VzdGltYXRpb24gaW5zaWdodHNcL2J1c2luZXNzX3JlZ2lzdHJhdGlvbiBpbnNpZ2h0c1wvYWFkaGFhcl9kZXRhaWxzIGluc2lnaHRzXC9reWNfcGFuIHZlcmlmaWNhdGlvblwva3ljX2NvbnN1bWVyIGluc2lnaHRzXC9kZXZpY2VfZGV0YWlscyBpbnNpZ2h0c1wvZW1wbG95bWVudF9kZXRhaWxzIGluc2lnaHRzXC9waG9uZV9zb2NpYWwgaW5zaWdodHNcL2RvbWFpbl9icmVhY2ggaW5zaWdodHNcL2VtYWlsX2Jhc2ljIGluc2lnaHRzXC9pZGVudGl0eV9lbnJpY2htZW50X3BsdXMgaW5zaWdodHNcL2VtcGxveW1lbnRfc29jaWFsIGluc2lnaHRzXC9waG9uZV9pZGVudGl0eSB2ZXJpZmljYXRpb25cL2t5Y19hbWwgaW5zaWdodHNcL2lwX2Jhc2ljIGluc2lnaHRzXC9pZGVudGl0eV9lbnJpY2htZW50IGluc2lnaHRzXC9hZGRyZXNzX2Jhc2ljIHZlcmlmaWNhdGlvblwva3ljX2dvdmVybm1lbnQgaW5zaWdodHNcL2FhZGhhYXJfYmFzaWMiLCJhdXRoX3RpbWUiOjE3MzQ1MDUyODUsImlzcyI6Imh0dHBzOlwvXC9jb2duaXRvLWlkcC5hcC1zb3V0aGVhc3QtMS5hbWF6b25hd3MuY29tXC9hcC1zb3V0aGVhc3QtMV9TUDhXOG5uc1AiLCJleHAiOjE3MzQ1OTE2ODUsImlhdCI6MTczNDUwNTI4NSwidmVyc2lvbiI6MiwianRpIjoiYTNlZTc3NTgtYjdlMi00NzVkLTg3YWQtZWE2Nzc1ZmM5NTMyIiwiY2xpZW50X2lkIjoiMjlqNDE2b28yMm1jNGd1bGtyZTU3bWo2czcifQ.sSs3pw_CrjchlMBsoXAX6ZTaWnK-OKpS19O5-OBPNa9y0-fWgp_la5Km1UWEiWRlkfYyWDpd1fFx7lTDg27E_INTfyCYE76vWLmwKZEP1cAk7-ouPG0813iWdZ-AQ2XobObRJV9Jocz34v5sY124RJFjZ4EzJNp2v_ZjgjDtbgvvNoT8p5L6stTYrRWvyh2VCxzhx-NibS_BzYqCIGgP6wN7-5TNNsCGWi39l01qoLPecOWMwRTfL1GKjiRXE7ccU37sqxemEmEo9JvaTUm_vzYQ_7ZhllmE7jwq74lD08aNJkeOyuzbiXznVeSdYW5ZYs8JNsfSppJIdpJGhiUkrQ 
---------------------------------------------------------
feature: classpath:monnai/Auth_Token_Generation.feature
scenarios:  1 | passed:  1 | failed:  0 | time: 1.1341
---------------------------------------------------------

12:31:26.645 [pool-3-thread-1] INFO  com.intuit.karate.Suite - <<pass>> feature 1 of 1 (0 remaining) classpath:monnai/Auth_Token_Generation.feature
Karate version: 1.5.0
======================================================
elapsed:   4.68 | threads:    5 | thread time: 1.13 
features:     1 | skipped:    0 | efficiency: 0.05
scenarios:    1 | passed:     1 | failed: 0
======================================================

HTML report: (paste into browser to view) | Karate version: 1.5.0
file:///Users/yashas/IdeaProjects/test-automation/target/karate-reports/karate-summary.html
===================================================================

]]></system-out>
  </testcase>
</testsuite>